<?xml version="1.0" encoding="UTF-8"?><testsuite errors="0" failures="1" name="Realizar pruebas sobre la funcionalidad" skipped="0" tests="1" time="15.89" timestamp="2023-02-10 04:22:06"><testcase name="Validar la tradución del idioma ingles al idioma español"><failure message="&#10;Expected: &quot;Pedido&quot;&#10;     but: was &quot;Orders&quot;" type="java.lang.AssertionError">
Expected: "Pedido"
     but: was "Orders"</failure><system-err>
Expected: "Pedido"
     but: was "Orders"&#13;
stepdefinitions.FuncionalidadesStep.elUsuarioPulsaElBotonDeTraducirIdioma(FuncionalidadesStep.java:74)&#13;
✽.El usuario pulsa el boton de traducir idioma Pedido(src/test/resources/features/Funcionalidades.feature:24)&#13;
</system-err></testcase></testsuite>