<?xml version="1.0" encoding="UTF-8"?><testsuite errors="0" failures="1" name="Realizar pruebas sobre la funcionalidad" skipped="0" tests="4" time="54.43" timestamp="2023-02-10 04:24:44"><testcase name=": Buscar un historial  de pedidos en la sesion Northwind por cliente"/><testcase name="Validar la tradución del idioma ingles al idioma español"><failure message="&#10;Expected: &quot;Pedido&quot;&#10;     but: was &quot;Orders&quot;" type="java.lang.AssertionError">
Expected: "Pedido"
     but: was "Orders"</failure><system-err>
Expected: "Pedido"
     but: was "Orders"&#13;
stepdefinitions.FuncionalidadesStep.elUsuarioPulsaElBotonDeTraducirIdioma(FuncionalidadesStep.java:74)&#13;
✽.El usuario pulsa el boton de traducir idioma Pedido(src/test/resources/features/Funcionalidades.feature:24)&#13;
</system-err></testcase><testcase name="Crear un cliente nuevo en la sesion Northwind"/><testcase name="Agregar una tarea nueva en el HomePage"/></testsuite>