<?xml version="1.0" encoding="UTF-8"?><testsuite errors="0" failures="1" name="Realizar pruebas sobre la funcionalidad" skipped="0" tests="1" time="15.74" timestamp="2023-02-09 05:59:47"><testcase name="Validar la tradución del idioma ingles al idioma español"><failure type="java.lang.AssertionError"/><system-err>null&#13;
stepdefinitions.FuncionalidadesStep.elUsuarioPulsaElBotonDeTraducirIdioma(FuncionalidadesStep.java:67)&#13;
✽.El usuario pulsa el boton de traducir idioma Pedidos(src/test/resources/features/Funcionalidades.feature:23)&#13;
</system-err></testcase></testsuite>